This file contains any messages produced by compilers while
running configure, to aid debugging if configure makes a mistake.

It was created by configure, which was
generated by GNU Autoconf 2.63.  Invocation command line was

  $ ./configure 

## --------- ##
## Platform. ##
## --------- ##

hostname = ubuntu
uname -m = x86_64
uname -r = 2.6.31-14-generic
uname -s = Linux
uname -v = #48-Ubuntu SMP Fri Oct 16 14:05:01 UTC 2009

/usr/bin/uname -p = unknown
/bin/uname -X     = unknown

/bin/arch              = unknown
/usr/bin/arch -k       = unknown
/usr/convex/getsysinfo = unknown
/usr/bin/hostinfo      = unknown
/bin/machine           = unknown
/usr/bin/oslevel       = unknown
/bin/universe          = unknown

PATH: /opt/ros/boxturtle/ros/bin
PATH: /usr/local/sbin
PATH: /usr/local/bin
PATH: /usr/sbin
PATH: /usr/bin
PATH: /sbin
PATH: /bin
PATH: /usr/games


## ----------- ##
## Core tests. ##
## ----------- ##

configure:1874: checking for a BSD-compatible install
configure:1942: result: /usr/bin/install -c
configure:1953: checking whether build environment is sane
configure:1996: result: yes
configure:2021: checking for a thread-safe mkdir -p
configure:2060: result: /bin/mkdir -p
configure:2073: checking for gawk
configure:2103: result: no
configure:2073: checking for mawk
configure:2089: found /usr/bin/mawk
configure:2100: result: mawk
configure:2111: checking whether make sets $(MAKE)
configure:2133: result: yes
configure:2324: checking build system type
configure:2342: result: x86_64-unknown-linux-gnu
configure:2364: checking host system type
configure:2379: result: x86_64-unknown-linux-gnu
configure:2473: checking for gcc
configure:2489: found /usr/bin/gcc
configure:2500: result: gcc
configure:2732: checking for C compiler version
configure:2740: gcc --version >&5
gcc (Ubuntu 4.4.1-4ubuntu9) 4.4.1
Copyright (C) 2009 Free Software Foundation, Inc.
This is free software; see the source for copying conditions.  There is NO
warranty; not even for MERCHANTABILITY or FITNESS FOR A PARTICULAR PURPOSE.

configure:2744: $? = 0
configure:2751: gcc -v >&5
Using built-in specs.
Target: x86_64-linux-gnu
Configured with: ../src/configure -v --with-pkgversion='Ubuntu 4.4.1-4ubuntu9' --with-bugurl=file:///usr/share/doc/gcc-4.4/README.Bugs --enable-languages=c,c++,fortran,objc,obj-c++ --prefix=/usr --enable-shared --enable-multiarch --enable-linker-build-id --with-system-zlib --libexecdir=/usr/lib --without-included-gettext --enable-threads=posix --with-gxx-include-dir=/usr/include/c++/4.4 --program-suffix=-4.4 --enable-nls --enable-clocale=gnu --enable-libstdcxx-debug --enable-objc-gc --disable-werror --with-arch-32=i486 --with-tune=generic --enable-checking=release --build=x86_64-linux-gnu --host=x86_64-linux-gnu --target=x86_64-linux-gnu
Thread model: posix
gcc version 4.4.1 (Ubuntu 4.4.1-4ubuntu9) 
configure:2755: $? = 0
configure:2762: gcc -V >&5
gcc: '-V' option must have argument
configure:2766: $? = 1
configure:2789: checking for C compiler default output file name
configure:2811: gcc    conftest.c  >&5
configure:2815: $? = 0
configure:2853: result: a.out
configure:2872: checking whether the C compiler works
configure:2882: ./a.out
configure:2886: $? = 0
configure:2905: result: yes
configure:2912: checking whether we are cross compiling
configure:2914: result: no
configure:2917: checking for suffix of executables
configure:2924: gcc -o conftest    conftest.c  >&5
configure:2928: $? = 0
configure:2954: result: 
configure:2960: checking for suffix of object files
configure:2986: gcc -c   conftest.c >&5
configure:2990: $? = 0
configure:3015: result: o
configure:3019: checking whether we are using the GNU C compiler
configure:3048: gcc -c   conftest.c >&5
configure:3055: $? = 0
configure:3072: result: yes
configure:3081: checking whether gcc accepts -g
configure:3111: gcc -c -g  conftest.c >&5
configure:3118: $? = 0
configure:3219: result: yes
configure:3236: checking for gcc option to accept ISO C89
configure:3310: gcc  -c -g -O2  conftest.c >&5
configure:3317: $? = 0
configure:3340: result: none needed
configure:3369: checking for style of include used by make
configure:3397: result: GNU
configure:3422: checking dependency style of gcc
configure:3513: result: gcc3
configure:3533: checking how to run the C preprocessor
configure:3573: gcc -E  conftest.c
configure:3580: $? = 0
configure:3611: gcc -E  conftest.c
conftest.c:10:28: error: ac_nonexistent.h: No such file or directory
configure:3618: $? = 1
configure: failed program was:
| /* confdefs.h.  */
| #define PACKAGE_NAME ""
| #define PACKAGE_TARNAME ""
| #define PACKAGE_VERSION ""
| #define PACKAGE_STRING ""
| #define PACKAGE_BUGREPORT ""
| #define PACKAGE "rtptools"
| #define VERSION "1.18"
| /* end confdefs.h.  */
| #include <ac_nonexistent.h>
configure:3651: result: gcc -E
configure:3680: gcc -E  conftest.c
configure:3687: $? = 0
configure:3718: gcc -E  conftest.c
conftest.c:10:28: error: ac_nonexistent.h: No such file or directory
configure:3725: $? = 1
configure: failed program was:
| /* confdefs.h.  */
| #define PACKAGE_NAME ""
| #define PACKAGE_TARNAME ""
| #define PACKAGE_VERSION ""
| #define PACKAGE_STRING ""
| #define PACKAGE_BUGREPORT ""
| #define PACKAGE "rtptools"
| #define VERSION "1.18"
| /* end confdefs.h.  */
| #include <ac_nonexistent.h>
configure:3778: checking for a BSD-compatible install
configure:3846: result: /usr/bin/install -c
configure:3871: checking for gethostbyname
configure:3927: gcc -o conftest -g -O2 -Wall   conftest.c  >&5
configure:3934: $? = 0
configure:3956: result: yes
configure:4049: checking for yp_match
configure:4105: gcc -o conftest -g -O2 -Wall   conftest.c  >&5
/tmp/ccYg65LQ.o: In function `main':
/home/advisor/iron_tools/rtptools-1.18-ddrinka/conftest.c:45: undefined reference to `yp_match'
collect2: ld returned 1 exit status
configure:4112: $? = 1
configure: failed program was:
| /* confdefs.h.  */
| #define PACKAGE_NAME ""
| #define PACKAGE_TARNAME ""
| #define PACKAGE_VERSION ""
| #define PACKAGE_STRING ""
| #define PACKAGE_BUGREPORT ""
| #define PACKAGE "rtptools"
| #define VERSION "1.18"
| #define HAVE_GETHOSTBYNAME 1
| /* end confdefs.h.  */
| /* Define yp_match to an innocuous variant, in case <limits.h> declares yp_match.
|    For example, HP-UX 11i <limits.h> declares gettimeofday.  */
| #define yp_match innocuous_yp_match
| 
| /* System header to define __stub macros and hopefully few prototypes,
|     which can conflict with char yp_match (); below.
|     Prefer <limits.h> to <assert.h> if __STDC__ is defined, since
|     <limits.h> exists even on freestanding compilers.  */
| 
| #ifdef __STDC__
| # include <limits.h>
| #else
| # include <assert.h>
| #endif
| 
| #undef yp_match
| 
| /* Override any GCC internal prototype to avoid an error.
|    Use char because int might match the return type of a GCC
|    builtin and then its argument prototype would still apply.  */
| #ifdef __cplusplus
| extern "C"
| #endif
| char yp_match ();
| /* The GNU C library defines this for functions which it implements
|     to always fail with ENOSYS.  Some functions are actually named
|     something starting with __ and the normal name is an alias.  */
| #if defined __stub_yp_match || defined __stub___yp_match
| choke me
| #endif
| 
| int
| main ()
| {
| return yp_match ();
|   ;
|   return 0;
| }
configure:4134: result: no
configure:4145: checking for yp_match in -lnsl
configure:4180: gcc -o conftest -g -O2 -Wall   conftest.c -lnsl   >&5
configure:4187: $? = 0
configure:4208: result: yes
configure:4226: checking for socket
configure:4282: gcc -o conftest -g -O2 -Wall   conftest.c -lnsl  >&5
configure:4289: $? = 0
configure:4311: result: yes
configure:4401: checking for grep that handles long lines and -e
configure:4461: result: /bin/grep
configure:4466: checking for egrep
configure:4530: result: /bin/grep -E
configure:4535: checking for ANSI C header files
configure:4565: gcc -c -g -O2 -Wall  conftest.c >&5
configure:4572: $? = 0
configure:4671: gcc -o conftest -g -O2 -Wall   conftest.c -lnsl  >&5
configure:4675: $? = 0
configure:4681: ./conftest
configure:4685: $? = 0
configure:4703: result: yes
configure:4727: checking for sys/types.h
configure:4748: gcc -c -g -O2 -Wall  conftest.c >&5
configure:4755: $? = 0
configure:4772: result: yes
configure:4727: checking for sys/stat.h
configure:4748: gcc -c -g -O2 -Wall  conftest.c >&5
configure:4755: $? = 0
configure:4772: result: yes
configure:4727: checking for stdlib.h
configure:4748: gcc -c -g -O2 -Wall  conftest.c >&5
configure:4755: $? = 0
configure:4772: result: yes
configure:4727: checking for string.h
configure:4748: gcc -c -g -O2 -Wall  conftest.c >&5
configure:4755: $? = 0
configure:4772: result: yes
configure:4727: checking for memory.h
configure:4748: gcc -c -g -O2 -Wall  conftest.c >&5
configure:4755: $? = 0
configure:4772: result: yes
configure:4727: checking for strings.h
configure:4748: gcc -c -g -O2 -Wall  conftest.c >&5
configure:4755: $? = 0
configure:4772: result: yes
configure:4727: checking for inttypes.h
configure:4748: gcc -c -g -O2 -Wall  conftest.c >&5
configure:4755: $? = 0
configure:4772: result: yes
configure:4727: checking for stdint.h
configure:4748: gcc -c -g -O2 -Wall  conftest.c >&5
configure:4755: $? = 0
configure:4772: result: yes
configure:4727: checking for unistd.h
configure:4748: gcc -c -g -O2 -Wall  conftest.c >&5
configure:4755: $? = 0
configure:4772: result: yes
configure:4804: checking search.h usability
configure:4821: gcc -c -g -O2 -Wall  conftest.c >&5
configure:4828: $? = 0
configure:4842: result: yes
configure:4846: checking search.h presence
configure:4861: gcc -E  conftest.c
configure:4868: $? = 0
configure:4882: result: yes
configure:4910: checking for search.h
configure:4919: result: yes
configure:4804: checking sys/time.h usability
configure:4821: gcc -c -g -O2 -Wall  conftest.c >&5
configure:4828: $? = 0
configure:4842: result: yes
configure:4846: checking sys/time.h presence
configure:4861: gcc -E  conftest.c
configure:4868: $? = 0
configure:4882: result: yes
configure:4910: checking for sys/time.h
configure:4919: result: yes
configure:4793: checking for unistd.h
configure:4800: result: yes
configure:4935: checking for function prototypes
configure:4938: result: yes
configure:4968: checking for string.h
configure:4975: result: yes
configure:5110: checking for an ANSI C-conforming const
configure:5185: gcc -c -g -O2 -Wall  conftest.c >&5
conftest.c: In function 'main':
conftest.c:58: warning: 't' is used uninitialized in this function
conftest.c:74: warning: 'b' is used uninitialized in this function
conftest.c:37: warning: 'cs[0]' is used uninitialized in this function
configure:5192: $? = 0
configure:5207: result: yes
configure:5218: checking whether byte ordering is bigendian
configure:5243: gcc -c -g -O2 -Wall  conftest.c >&5
conftest.c:30: error: expected '=', ',', ';', 'asm' or '__attribute__' before 'a'
configure:5250: $? = 1
configure: failed program was:
| /* confdefs.h.  */
| #define PACKAGE_NAME ""
| #define PACKAGE_TARNAME ""
| #define PACKAGE_VERSION ""
| #define PACKAGE_STRING ""
| #define PACKAGE_BUGREPORT ""
| #define PACKAGE "rtptools"
| #define VERSION "1.18"
| #define HAVE_GETHOSTBYNAME 1
| #define HAVE_LIBNSL 1
| #define HAVE_SOCKET 1
| #define STDC_HEADERS 1
| #define HAVE_SYS_TYPES_H 1
| #define HAVE_SYS_STAT_H 1
| #define HAVE_STDLIB_H 1
| #define HAVE_STRING_H 1
| #define HAVE_MEMORY_H 1
| #define HAVE_STRINGS_H 1
| #define HAVE_INTTYPES_H 1
| #define HAVE_STDINT_H 1
| #define HAVE_UNISTD_H 1
| #define HAVE_SEARCH_H 1
| #define HAVE_SYS_TIME_H 1
| #define HAVE_UNISTD_H 1
| #define PROTOTYPES 1
| #define __PROTOTYPES 1
| #define HAVE_STRING_H 1
| /* end confdefs.h.  */
| #ifndef __APPLE_CC__
| 	       not a universal capable compiler
| 	     #endif
| 	     typedef int dummy;
| 
configure:5300: gcc -c -g -O2 -Wall  conftest.c >&5
configure:5307: $? = 0
configure:5339: gcc -c -g -O2 -Wall  conftest.c >&5
conftest.c: In function 'main':
conftest.c:36: error: 'not' undeclared (first use in this function)
conftest.c:36: error: (Each undeclared identifier is reported only once
conftest.c:36: error: for each function it appears in.)
conftest.c:36: error: expected ';' before 'big'
configure:5346: $? = 1
configure: failed program was:
| /* confdefs.h.  */
| #define PACKAGE_NAME ""
| #define PACKAGE_TARNAME ""
| #define PACKAGE_VERSION ""
| #define PACKAGE_STRING ""
| #define PACKAGE_BUGREPORT ""
| #define PACKAGE "rtptools"
| #define VERSION "1.18"
| #define HAVE_GETHOSTBYNAME 1
| #define HAVE_LIBNSL 1
| #define HAVE_SOCKET 1
| #define STDC_HEADERS 1
| #define HAVE_SYS_TYPES_H 1
| #define HAVE_SYS_STAT_H 1
| #define HAVE_STDLIB_H 1
| #define HAVE_STRING_H 1
| #define HAVE_MEMORY_H 1
| #define HAVE_STRINGS_H 1
| #define HAVE_INTTYPES_H 1
| #define HAVE_STDINT_H 1
| #define HAVE_UNISTD_H 1
| #define HAVE_SEARCH_H 1
| #define HAVE_SYS_TIME_H 1
| #define HAVE_UNISTD_H 1
| #define PROTOTYPES 1
| #define __PROTOTYPES 1
| #define HAVE_STRING_H 1
| /* end confdefs.h.  */
| #include <sys/types.h>
| 		#include <sys/param.h>
| 
| int
| main ()
| {
| #if BYTE_ORDER != BIG_ENDIAN
| 		 not big endian
| 		#endif
| 
|   ;
|   return 0;
| }
configure:5598: result: no
configure:5623: checking for uid_t in sys/types.h
configure:5646: result: yes
configure:5661: checking for off_t
configure:5689: gcc -c -g -O2 -Wall  conftest.c >&5
configure:5696: $? = 0
configure:5723: gcc -c -g -O2 -Wall  conftest.c >&5
conftest.c: In function 'main':
conftest.c:65: error: expected expression before ')' token
configure:5730: $? = 1
configure: failed program was:
| /* confdefs.h.  */
| #define PACKAGE_NAME ""
| #define PACKAGE_TARNAME ""
| #define PACKAGE_VERSION ""
| #define PACKAGE_STRING ""
| #define PACKAGE_BUGREPORT ""
| #define PACKAGE "rtptools"
| #define VERSION "1.18"
| #define HAVE_GETHOSTBYNAME 1
| #define HAVE_LIBNSL 1
| #define HAVE_SOCKET 1
| #define STDC_HEADERS 1
| #define HAVE_SYS_TYPES_H 1
| #define HAVE_SYS_STAT_H 1
| #define HAVE_STDLIB_H 1
| #define HAVE_STRING_H 1
| #define HAVE_MEMORY_H 1
| #define HAVE_STRINGS_H 1
| #define HAVE_INTTYPES_H 1
| #define HAVE_STDINT_H 1
| #define HAVE_UNISTD_H 1
| #define HAVE_SEARCH_H 1
| #define HAVE_SYS_TIME_H 1
| #define HAVE_UNISTD_H 1
| #define PROTOTYPES 1
| #define __PROTOTYPES 1
| #define HAVE_STRING_H 1
| /* end confdefs.h.  */
| #include <stdio.h>
| #ifdef HAVE_SYS_TYPES_H
| # include <sys/types.h>
| #endif
| #ifdef HAVE_SYS_STAT_H
| # include <sys/stat.h>
| #endif
| #ifdef STDC_HEADERS
| # include <stdlib.h>
| # include <stddef.h>
| #else
| # ifdef HAVE_STDLIB_H
| #  include <stdlib.h>
| # endif
| #endif
| #ifdef HAVE_STRING_H
| # if !defined STDC_HEADERS && defined HAVE_MEMORY_H
| #  include <memory.h>
| # endif
| # include <string.h>
| #endif
| #ifdef HAVE_STRINGS_H
| # include <strings.h>
| #endif
| #ifdef HAVE_INTTYPES_H
| # include <inttypes.h>
| #endif
| #ifdef HAVE_STDINT_H
| # include <stdint.h>
| #endif
| #ifdef HAVE_UNISTD_H
| # include <unistd.h>
| #endif
| int
| main ()
| {
| if (sizeof ((off_t)))
| 	  return 0;
|   ;
|   return 0;
| }
configure:5753: result: yes
configure:5765: checking for pid_t
configure:5793: gcc -c -g -O2 -Wall  conftest.c >&5
configure:5800: $? = 0
configure:5827: gcc -c -g -O2 -Wall  conftest.c >&5
conftest.c: In function 'main':
conftest.c:65: error: expected expression before ')' token
configure:5834: $? = 1
configure: failed program was:
| /* confdefs.h.  */
| #define PACKAGE_NAME ""
| #define PACKAGE_TARNAME ""
| #define PACKAGE_VERSION ""
| #define PACKAGE_STRING ""
| #define PACKAGE_BUGREPORT ""
| #define PACKAGE "rtptools"
| #define VERSION "1.18"
| #define HAVE_GETHOSTBYNAME 1
| #define HAVE_LIBNSL 1
| #define HAVE_SOCKET 1
| #define STDC_HEADERS 1
| #define HAVE_SYS_TYPES_H 1
| #define HAVE_SYS_STAT_H 1
| #define HAVE_STDLIB_H 1
| #define HAVE_STRING_H 1
| #define HAVE_MEMORY_H 1
| #define HAVE_STRINGS_H 1
| #define HAVE_INTTYPES_H 1
| #define HAVE_STDINT_H 1
| #define HAVE_UNISTD_H 1
| #define HAVE_SEARCH_H 1
| #define HAVE_SYS_TIME_H 1
| #define HAVE_UNISTD_H 1
| #define PROTOTYPES 1
| #define __PROTOTYPES 1
| #define HAVE_STRING_H 1
| /* end confdefs.h.  */
| #include <stdio.h>
| #ifdef HAVE_SYS_TYPES_H
| # include <sys/types.h>
| #endif
| #ifdef HAVE_SYS_STAT_H
| # include <sys/stat.h>
| #endif
| #ifdef STDC_HEADERS
| # include <stdlib.h>
| # include <stddef.h>
| #else
| # ifdef HAVE_STDLIB_H
| #  include <stdlib.h>
| # endif
| #endif
| #ifdef HAVE_STRING_H
| # if !defined STDC_HEADERS && defined HAVE_MEMORY_H
| #  include <memory.h>
| # endif
| # include <string.h>
| #endif
| #ifdef HAVE_STRINGS_H
| # include <strings.h>
| #endif
| #ifdef HAVE_INTTYPES_H
| # include <inttypes.h>
| #endif
| #ifdef HAVE_STDINT_H
| # include <stdint.h>
| #endif
| #ifdef HAVE_UNISTD_H
| # include <unistd.h>
| #endif
| int
| main ()
| {
| if (sizeof ((pid_t)))
| 	  return 0;
|   ;
|   return 0;
| }
configure:5857: result: yes
configure:5869: checking for size_t
configure:5897: gcc -c -g -O2 -Wall  conftest.c >&5
configure:5904: $? = 0
configure:5931: gcc -c -g -O2 -Wall  conftest.c >&5
conftest.c: In function 'main':
conftest.c:65: error: expected expression before ')' token
configure:5938: $? = 1
configure: failed program was:
| /* confdefs.h.  */
| #define PACKAGE_NAME ""
| #define PACKAGE_TARNAME ""
| #define PACKAGE_VERSION ""
| #define PACKAGE_STRING ""
| #define PACKAGE_BUGREPORT ""
| #define PACKAGE "rtptools"
| #define VERSION "1.18"
| #define HAVE_GETHOSTBYNAME 1
| #define HAVE_LIBNSL 1
| #define HAVE_SOCKET 1
| #define STDC_HEADERS 1
| #define HAVE_SYS_TYPES_H 1
| #define HAVE_SYS_STAT_H 1
| #define HAVE_STDLIB_H 1
| #define HAVE_STRING_H 1
| #define HAVE_MEMORY_H 1
| #define HAVE_STRINGS_H 1
| #define HAVE_INTTYPES_H 1
| #define HAVE_STDINT_H 1
| #define HAVE_UNISTD_H 1
| #define HAVE_SEARCH_H 1
| #define HAVE_SYS_TIME_H 1
| #define HAVE_UNISTD_H 1
| #define PROTOTYPES 1
| #define __PROTOTYPES 1
| #define HAVE_STRING_H 1
| /* end confdefs.h.  */
| #include <stdio.h>
| #ifdef HAVE_SYS_TYPES_H
| # include <sys/types.h>
| #endif
| #ifdef HAVE_SYS_STAT_H
| # include <sys/stat.h>
| #endif
| #ifdef STDC_HEADERS
| # include <stdlib.h>
| # include <stddef.h>
| #else
| # ifdef HAVE_STDLIB_H
| #  include <stdlib.h>
| # endif
| #endif
| #ifdef HAVE_STRING_H
| # if !defined STDC_HEADERS && defined HAVE_MEMORY_H
| #  include <memory.h>
| # endif
| # include <string.h>
| #endif
| #ifdef HAVE_STRINGS_H
| # include <strings.h>
| #endif
| #ifdef HAVE_INTTYPES_H
| # include <inttypes.h>
| #endif
| #ifdef HAVE_STDINT_H
| # include <stdint.h>
| #endif
| #ifdef HAVE_UNISTD_H
| # include <unistd.h>
| #endif
| int
| main ()
| {
| if (sizeof ((size_t)))
| 	  return 0;
|   ;
|   return 0;
| }
configure:5961: result: yes
configure:5973: checking whether time.h and sys/time.h may both be included
configure:6003: gcc -c -g -O2 -Wall  conftest.c >&5
configure:6010: $? = 0
configure:6025: result: yes
configure:6035: checking whether struct tm is in sys/time.h or time.h
configure:6065: gcc -c -g -O2 -Wall  conftest.c >&5
configure:6072: $? = 0
configure:6087: result: time.h
configure:6104: checking for special C compiler options needed for large files
configure:6199: result: no
configure:6205: checking for _FILE_OFFSET_BITS value needed for large files
configure:6240: gcc -c -g -O2 -Wall  conftest.c >&5
configure:6247: $? = 0
configure:6316: result: no
configure:6455: checking whether gcc needs -traditional
configure:6497: result: no
configure:6504: checking return type of signal handlers
configure:6532: gcc -c -g -O2 -Wall  conftest.c >&5
conftest.c: In function 'main':
conftest.c:36: error: void value not ignored as it ought to be
configure:6539: $? = 1
configure: failed program was:
| /* confdefs.h.  */
| #define PACKAGE_NAME ""
| #define PACKAGE_TARNAME ""
| #define PACKAGE_VERSION ""
| #define PACKAGE_STRING ""
| #define PACKAGE_BUGREPORT ""
| #define PACKAGE "rtptools"
| #define VERSION "1.18"
| #define HAVE_GETHOSTBYNAME 1
| #define HAVE_LIBNSL 1
| #define HAVE_SOCKET 1
| #define STDC_HEADERS 1
| #define HAVE_SYS_TYPES_H 1
| #define HAVE_SYS_STAT_H 1
| #define HAVE_STDLIB_H 1
| #define HAVE_STRING_H 1
| #define HAVE_MEMORY_H 1
| #define HAVE_STRINGS_H 1
| #define HAVE_INTTYPES_H 1
| #define HAVE_STDINT_H 1
| #define HAVE_UNISTD_H 1
| #define HAVE_SEARCH_H 1
| #define HAVE_SYS_TIME_H 1
| #define HAVE_UNISTD_H 1
| #define PROTOTYPES 1
| #define __PROTOTYPES 1
| #define HAVE_STRING_H 1
| #define TIME_WITH_SYS_TIME 1
| /* end confdefs.h.  */
| #include <sys/types.h>
| #include <signal.h>
| 
| int
| main ()
| {
| return *(signal (0, 0)) (0) == 1;
|   ;
|   return 0;
| }
configure:6554: result: void
configure:6566: checking for strftime
configure:6622: gcc -o conftest -g -O2 -Wall   conftest.c -lnsl  >&5
conftest.c:54: warning: conflicting types for built-in function 'strftime'
configure:6629: $? = 0
configure:6651: result: yes
configure:6742: checking for vprintf
configure:6798: gcc -o conftest -g -O2 -Wall   conftest.c -lnsl  >&5
conftest.c:55: warning: conflicting types for built-in function 'vprintf'
configure:6805: $? = 0
configure:6827: result: yes
configure:6836: checking for _doprnt
configure:6892: gcc -o conftest -g -O2 -Wall   conftest.c -lnsl  >&5
/tmp/ccwyjuFD.o: In function `main':
/home/advisor/iron_tools/rtptools-1.18-ddrinka/conftest.c:67: undefined reference to `_doprnt'
collect2: ld returned 1 exit status
configure:6899: $? = 1
configure: failed program was:
| /* confdefs.h.  */
| #define PACKAGE_NAME ""
| #define PACKAGE_TARNAME ""
| #define PACKAGE_VERSION ""
| #define PACKAGE_STRING ""
| #define PACKAGE_BUGREPORT ""
| #define PACKAGE "rtptools"
| #define VERSION "1.18"
| #define HAVE_GETHOSTBYNAME 1
| #define HAVE_LIBNSL 1
| #define HAVE_SOCKET 1
| #define STDC_HEADERS 1
| #define HAVE_SYS_TYPES_H 1
| #define HAVE_SYS_STAT_H 1
| #define HAVE_STDLIB_H 1
| #define HAVE_STRING_H 1
| #define HAVE_MEMORY_H 1
| #define HAVE_STRINGS_H 1
| #define HAVE_INTTYPES_H 1
| #define HAVE_STDINT_H 1
| #define HAVE_UNISTD_H 1
| #define HAVE_SEARCH_H 1
| #define HAVE_SYS_TIME_H 1
| #define HAVE_UNISTD_H 1
| #define PROTOTYPES 1
| #define __PROTOTYPES 1
| #define HAVE_STRING_H 1
| #define TIME_WITH_SYS_TIME 1
| #define RETSIGTYPE void
| #define HAVE_STRFTIME 1
| #define HAVE_VPRINTF 1
| /* end confdefs.h.  */
| /* Define _doprnt to an innocuous variant, in case <limits.h> declares _doprnt.
|    For example, HP-UX 11i <limits.h> declares gettimeofday.  */
| #define _doprnt innocuous__doprnt
| 
| /* System header to define __stub macros and hopefully few prototypes,
|     which can conflict with char _doprnt (); below.
|     Prefer <limits.h> to <assert.h> if __STDC__ is defined, since
|     <limits.h> exists even on freestanding compilers.  */
| 
| #ifdef __STDC__
| # include <limits.h>
| #else
| # include <assert.h>
| #endif
| 
| #undef _doprnt
| 
| /* Override any GCC internal prototype to avoid an error.
|    Use char because int might match the return type of a GCC
|    builtin and then its argument prototype would still apply.  */
| #ifdef __cplusplus
| extern "C"
| #endif
| char _doprnt ();
| /* The GNU C library defines this for functions which it implements
|     to always fail with ENOSYS.  Some functions are actually named
|     something starting with __ and the normal name is an alias.  */
| #if defined __stub__doprnt || defined __stub____doprnt
| choke me
| #endif
| 
| int
| main ()
| {
| return _doprnt ();
|   ;
|   return 0;
| }
configure:6919: result: no
configure:6946: checking for gethostname
configure:7002: gcc -o conftest -g -O2 -Wall   conftest.c -lnsl  >&5
configure:7009: $? = 0
configure:7031: result: yes
configure:6946: checking for gettimeofday
configure:7002: gcc -o conftest -g -O2 -Wall   conftest.c -lnsl  >&5
configure:7009: $? = 0
configure:7031: result: yes
configure:6946: checking for mktime
configure:7002: gcc -o conftest -g -O2 -Wall   conftest.c -lnsl  >&5
configure:7009: $? = 0
configure:7031: result: yes
configure:6946: checking for select
configure:7002: gcc -o conftest -g -O2 -Wall   conftest.c -lnsl  >&5
configure:7009: $? = 0
configure:7031: result: yes
configure:6946: checking for strdup
configure:7002: gcc -o conftest -g -O2 -Wall   conftest.c -lnsl  >&5
conftest.c:60: warning: conflicting types for built-in function 'strdup'
configure:7009: $? = 0
configure:7031: result: yes
configure:6946: checking for strerror
configure:7002: gcc -o conftest -g -O2 -Wall   conftest.c -lnsl  >&5
configure:7009: $? = 0
configure:7031: result: yes
configure:6946: checking for strstr
configure:7002: gcc -o conftest -g -O2 -Wall   conftest.c -lnsl  >&5
conftest.c:62: warning: conflicting types for built-in function 'strstr'
configure:7009: $? = 0
configure:7031: result: yes
configure:6946: checking for strtol
configure:7002: gcc -o conftest -g -O2 -Wall   conftest.c -lnsl  >&5
configure:7009: $? = 0
configure:7031: result: yes
configure:6946: checking for uname
configure:7002: gcc -o conftest -g -O2 -Wall   conftest.c -lnsl  >&5
configure:7009: $? = 0
configure:7031: result: yes
configure:7206: creating ./config.status

## ---------------------- ##
## Running config.status. ##
## ---------------------- ##

This file was extended by config.status, which was
generated by GNU Autoconf 2.63.  Invocation command line was

  CONFIG_FILES    = 
  CONFIG_HEADERS  = 
  CONFIG_LINKS    = 
  CONFIG_COMMANDS = 
  $ ./config.status 

on ubuntu

config.status:705: creating Makefile
config.status:916: executing depfiles commands

## ---------------- ##
## Cache variables. ##
## ---------------- ##

ac_cv_build=x86_64-unknown-linux-gnu
ac_cv_c_bigendian=no
ac_cv_c_compiler_gnu=yes
ac_cv_c_const=yes
ac_cv_env_CC_set=
ac_cv_env_CC_value=
ac_cv_env_CFLAGS_set=
ac_cv_env_CFLAGS_value=
ac_cv_env_CPPFLAGS_set=
ac_cv_env_CPPFLAGS_value=
ac_cv_env_CPP_set=
ac_cv_env_CPP_value=
ac_cv_env_LDFLAGS_set=
ac_cv_env_LDFLAGS_value=
ac_cv_env_LIBS_set=
ac_cv_env_LIBS_value=
ac_cv_env_build_alias_set=
ac_cv_env_build_alias_value=
ac_cv_env_host_alias_set=
ac_cv_env_host_alias_value=
ac_cv_env_target_alias_set=
ac_cv_env_target_alias_value=
ac_cv_func__doprnt=no
ac_cv_func_gethostbyname=yes
ac_cv_func_gethostname=yes
ac_cv_func_gettimeofday=yes
ac_cv_func_mktime=yes
ac_cv_func_select=yes
ac_cv_func_socket=yes
ac_cv_func_strdup=yes
ac_cv_func_strerror=yes
ac_cv_func_strftime=yes
ac_cv_func_strstr=yes
ac_cv_func_strtol=yes
ac_cv_func_uname=yes
ac_cv_func_vprintf=yes
ac_cv_func_yp_match=no
ac_cv_header_inttypes_h=yes
ac_cv_header_memory_h=yes
ac_cv_header_search_h=yes
ac_cv_header_stdc=yes
ac_cv_header_stdint_h=yes
ac_cv_header_stdlib_h=yes
ac_cv_header_string_h=yes
ac_cv_header_strings_h=yes
ac_cv_header_sys_stat_h=yes
ac_cv_header_sys_time_h=yes
ac_cv_header_sys_types_h=yes
ac_cv_header_time=yes
ac_cv_header_unistd_h=yes
ac_cv_host=x86_64-unknown-linux-gnu
ac_cv_lib_nsl_yp_match=yes
ac_cv_objext=o
ac_cv_path_EGREP='/bin/grep -E'
ac_cv_path_GREP=/bin/grep
ac_cv_path_install='/usr/bin/install -c'
ac_cv_path_mkdir=/bin/mkdir
ac_cv_prog_AWK=mawk
ac_cv_prog_CPP='gcc -E'
ac_cv_prog_ac_ct_CC=gcc
ac_cv_prog_cc_c89=
ac_cv_prog_cc_g=yes
ac_cv_prog_gcc_traditional=no
ac_cv_prog_make_make_set=yes
ac_cv_struct_tm=time.h
ac_cv_sys_file_offset_bits=no
ac_cv_sys_largefile_CC=no
ac_cv_type_off_t=yes
ac_cv_type_pid_t=yes
ac_cv_type_signal=void
ac_cv_type_size_t=yes
ac_cv_type_uid_t=yes
am_cv_CC_dependencies_compiler_type=gcc3
ts_cv_darwin=no

## ----------------- ##
## Output variables. ##
## ----------------- ##

ACLOCAL='${SHELL} /home/advisor/iron_tools/rtptools-1.18-ddrinka/missing --run aclocal-1.10'
AMDEPBACKSLASH='\'
AMDEP_FALSE='#'
AMDEP_TRUE=''
AMTAR='${SHELL} /home/advisor/iron_tools/rtptools-1.18-ddrinka/missing --run tar'
ANSI2KNR=''
AUTOCONF='${SHELL} /home/advisor/iron_tools/rtptools-1.18-ddrinka/missing --run autoconf'
AUTOHEADER='${SHELL} /home/advisor/iron_tools/rtptools-1.18-ddrinka/missing --run autoheader'
AUTOMAKE='${SHELL} /home/advisor/iron_tools/rtptools-1.18-ddrinka/missing --run automake-1.10'
AWK='mawk'
CC='gcc'
CCDEPMODE='depmode=gcc3'
CFLAGS='-g -O2 -Wall'
CPP='gcc -E'
CPPFLAGS=''
CYGPATH_W='echo'
DARWIN_FALSE=''
DARWIN_TRUE='#'
DEFS='-DPACKAGE_NAME=\"\" -DPACKAGE_TARNAME=\"\" -DPACKAGE_VERSION=\"\" -DPACKAGE_STRING=\"\" -DPACKAGE_BUGREPORT=\"\" -DPACKAGE=\"rtptools\" -DVERSION=\"1.18\" -DHAVE_GETHOSTBYNAME=1 -DHAVE_LIBNSL=1 -DHAVE_SOCKET=1 -DSTDC_HEADERS=1 -DHAVE_SYS_TYPES_H=1 -DHAVE_SYS_STAT_H=1 -DHAVE_STDLIB_H=1 -DHAVE_STRING_H=1 -DHAVE_MEMORY_H=1 -DHAVE_STRINGS_H=1 -DHAVE_INTTYPES_H=1 -DHAVE_STDINT_H=1 -DHAVE_UNISTD_H=1 -DHAVE_SEARCH_H=1 -DHAVE_SYS_TIME_H=1 -DHAVE_UNISTD_H=1 -DPROTOTYPES=1 -D__PROTOTYPES=1 -DHAVE_STRING_H=1 -DTIME_WITH_SYS_TIME=1 -DRETSIGTYPE=void -DHAVE_STRFTIME=1 -DHAVE_VPRINTF=1 -DHAVE_GETHOSTNAME=1 -DHAVE_GETTIMEOFDAY=1 -DHAVE_MKTIME=1 -DHAVE_SELECT=1 -DHAVE_STRDUP=1 -DHAVE_STRERROR=1 -DHAVE_STRSTR=1 -DHAVE_STRTOL=1 -DHAVE_UNAME=1'
DEPDIR='.deps'
ECHO_C=''
ECHO_N='-n'
ECHO_T=''
EGREP='/bin/grep -E'
EXEEXT=''
GREP='/bin/grep'
INSTALL_DATA='${INSTALL} -m 644'
INSTALL_PROGRAM='${INSTALL}'
INSTALL_SCRIPT='${INSTALL}'
INSTALL_STRIP_PROGRAM='$(install_sh) -c -s'
LDFLAGS=''
LIBOBJS=''
LIBS='-lnsl '
LTLIBOBJS=''
MAKEINFO='${SHELL} /home/advisor/iron_tools/rtptools-1.18-ddrinka/missing --run makeinfo'
MKDIR_P='/bin/mkdir -p'
OBJEXT='o'
PACKAGE='rtptools'
PACKAGE_BUGREPORT=''
PACKAGE_NAME=''
PACKAGE_STRING=''
PACKAGE_TARNAME=''
PACKAGE_VERSION=''
PATH_SEPARATOR=':'
SET_MAKE=''
SHELL='/bin/bash'
STRIP=''
U=''
VERSION='1.18'
ac_ct_CC='gcc'
am__fastdepCC_FALSE='#'
am__fastdepCC_TRUE=''
am__include='include'
am__isrc=''
am__leading_dot='.'
am__quote=''
am__tar='${AMTAR} chof - "$$tardir"'
am__untar='${AMTAR} xf -'
bindir='${exec_prefix}/bin'
build='x86_64-unknown-linux-gnu'
build_alias=''
build_cpu='x86_64'
build_os='linux-gnu'
build_vendor='unknown'
datadir='${datarootdir}'
datarootdir='${prefix}/share'
docdir='${datarootdir}/doc/${PACKAGE}'
dvidir='${docdir}'
exec_prefix='${prefix}'
host='x86_64-unknown-linux-gnu'
host_alias=''
host_cpu='x86_64'
host_os='linux-gnu'
host_vendor='unknown'
htmldir='${docdir}'
includedir='${prefix}/include'
infodir='${datarootdir}/info'
install_sh='$(SHELL) /home/advisor/iron_tools/rtptools-1.18-ddrinka/install-sh'
libdir='${exec_prefix}/lib'
libexecdir='${exec_prefix}/libexec'
localedir='${datarootdir}/locale'
localstatedir='${prefix}/var'
mandir='${datarootdir}/man'
mkdir_p='/bin/mkdir -p'
oldincludedir='/usr/include'
pdfdir='${docdir}'
prefix='/usr/local'
program_transform_name='s,x,x,'
psdir='${docdir}'
sbindir='${exec_prefix}/sbin'
sharedstatedir='${prefix}/com'
sysconfdir='${prefix}/etc'
target_alias=''

## ----------- ##
## confdefs.h. ##
## ----------- ##

#define PACKAGE_NAME ""
#define PACKAGE_TARNAME ""
#define PACKAGE_VERSION ""
#define PACKAGE_STRING ""
#define PACKAGE_BUGREPORT ""
#define PACKAGE "rtptools"
#define VERSION "1.18"
#define HAVE_GETHOSTBYNAME 1
#define HAVE_LIBNSL 1
#define HAVE_SOCKET 1
#define STDC_HEADERS 1
#define HAVE_SYS_TYPES_H 1
#define HAVE_SYS_STAT_H 1
#define HAVE_STDLIB_H 1
#define HAVE_STRING_H 1
#define HAVE_MEMORY_H 1
#define HAVE_STRINGS_H 1
#define HAVE_INTTYPES_H 1
#define HAVE_STDINT_H 1
#define HAVE_UNISTD_H 1
#define HAVE_SEARCH_H 1
#define HAVE_SYS_TIME_H 1
#define HAVE_UNISTD_H 1
#define PROTOTYPES 1
#define __PROTOTYPES 1
#define HAVE_STRING_H 1
#define TIME_WITH_SYS_TIME 1
#define RETSIGTYPE void
#define HAVE_STRFTIME 1
#define HAVE_VPRINTF 1
#define HAVE_GETHOSTNAME 1
#define HAVE_GETTIMEOFDAY 1
#define HAVE_MKTIME 1
#define HAVE_SELECT 1
#define HAVE_STRDUP 1
#define HAVE_STRERROR 1
#define HAVE_STRSTR 1
#define HAVE_STRTOL 1
#define HAVE_UNAME 1

configure: exit 0
